EXN:Common.Timeout
Note: processing took   120.5s: ../../sandbox/linux-3.2.59/drivers/video/sis/init301.c
--
EXN:Common.Timeout
Note: processing took   120.5s: ../../sandbox/linux-3.2.59/drivers/video/smscufx.c
--
EXN:Common.Timeout
Note: processing took   120.2s: ../../sandbox/linux-3.2.59/drivers/infiniband/hw/qib/qib_sd7220.c
--
EXN:Common.Timeout
Note: processing took   120.6s: ../../sandbox/linux-3.2.59/drivers/infiniband/hw/nes/nes_verbs.c
--
EXN:Common.Timeout
Note: processing took   120.5s: ../../sandbox/linux-3.2.59/drivers/scsi/lpfc/lpfc_scsi.c
--
EXN:Common.Timeout
Note: processing took   120.6s: ../../sandbox/linux-3.2.59/drivers/scsi/aic7xxx_old.c
--
EXN:Common.Timeout
Note: processing took   120.9s: ../../sandbox/linux-3.2.59/drivers/scsi/mpt2sas/mpt2sas_scsih.c
--
EXN:Common.Timeout
Note: processing took   121.8s: ../../sandbox/linux-3.2.59/drivers/scsi/wd7000.c
--
EXN:Common.Timeout
Note: processing took   120.7s: ../../sandbox/linux-3.2.59/drivers/scsi/atp870u.c
--
EXN:Common.Timeout
Note: processing took   121.0s: ../../sandbox/linux-3.2.59/drivers/scsi/gdth_proc.c
--
EXN:Common.Timeout
Note: processing took   122.2s: ../../sandbox/linux-3.2.59/drivers/scsi/in2000.c
--
EXN:Common.Timeout
Note: processing took   121.2s: ../../sandbox/linux-3.2.59/drivers/scsi/g_NCR5380.c
--
EXN:Common.Timeout
Note: processing took   131.7s: ../../sandbox/linux-3.2.59/drivers/scsi/megaraid/megaraid_sas_fusion.c
--
EXN:Common.Timeout
Note: processing took   140.6s: ../../sandbox/linux-3.2.59/drivers/scsi/qla4xxx/ql4_os.c
--
EXN:Common.Timeout
Note: processing took   160.3s: ../../sandbox/linux-3.2.59/drivers/scsi/qla4xxx/ql4_nx.c
--
EXN:Common.Timeout
Note: processing took   163.8s: ../../sandbox/linux-3.2.59/drivers/scsi/qla4xxx/ql4_init.c
--
EXN:Common.Timeout
Note: processing took   164.2s: ../../sandbox/linux-3.2.59/drivers/scsi/libsas/sas_ata.c
--
EXN:Common.Timeout
Note: processing took   139.6s: ../../sandbox/linux-3.2.59/drivers/scsi/gdth.c
--
EXN:Common.Timeout
Note: processing took   139.4s: ../../sandbox/linux-3.2.59/drivers/scsi/qla2xxx/qla_nx.c
--
EXN:Common.Timeout
Note: processing took   138.9s: ../../sandbox/linux-3.2.59/drivers/staging/rts5139/xd.c
--
EXN:Common.Timeout
Note: processing took   140.0s: ../../sandbox/linux-3.2.59/drivers/staging/rts5139/ms.c
--
EXN:Common.Timeout
Note: processing took   140.8s: ../../sandbox/linux-3.2.59/drivers/staging/spectra/flash.c
--
EXN:Common.Timeout
Note: processing took   140.4s: ../../sandbox/linux-3.2.59/drivers/staging/keucr/smilmain.c
--
EXN:Common.Timeout
Note: processing took   171.2s: ../../sandbox/linux-3.2.59/drivers/staging/rtl8192e/rtl_dm.c
--
EXN:Common.Timeout
Note: processing took   187.5s: ../../sandbox/linux-3.2.59/drivers/staging/rts_pstor/xd.c
--
EXN:Common.Timeout
Note: processing took   203.6s: ../../sandbox/linux-3.2.59/drivers/staging/rts_pstor/ms.c
--
EXN:Common.Timeout
Note: processing took   185.0s: ../../sandbox/linux-3.2.59/drivers/staging/media/easycap/easycap_main.c
--
EXN:Common.Timeout
Note: processing took   190.5s: ../../sandbox/linux-3.2.59/drivers/staging/media/easycap/easycap_settings.c
--
EXN:Common.Timeout
Note: processing took   185.5s: ../../sandbox/linux-3.2.59/drivers/staging/tidspbridge/dynload/cload.c
--
EXN:Common.Timeout
Note: processing took   189.6s: ../../sandbox/linux-3.2.59/drivers/staging/comedi/drivers/comedi_bond.c
--
EXN:Common.Timeout
Note: processing took   154.4s: ../../sandbox/linux-3.2.59/drivers/tty/cyclades.c
--
EXN:Common.Timeout
Note: processing took   152.1s: ../../sandbox/linux-3.2.59/drivers/isdn/divert/isdn_divert.c
--
EXN:Common.Timeout
Note: processing took   138.7s: ../../sandbox/linux-3.2.59/drivers/isdn/hardware/eicon/message.c
--
EXN:Common.Timeout
Note: processing took   131.5s: ../../sandbox/linux-3.2.59/drivers/block/drbd/drbd_worker.c
--
EXN:Common.Timeout
Note: processing took   130.5s: ../../sandbox/linux-3.2.59/drivers/block/amiflop.c
--
EXN:Common.Timeout
Note: processing took   131.7s: ../../sandbox/linux-3.2.59/drivers/pcmcia/cistpl.c
--
EXN:Common.Timeout
Note: processing took   130.4s: ../../sandbox/linux-3.2.59/drivers/gpu/drm/nouveau/nouveau_calc.c
--
EXN:Common.Timeout
Note: processing took   129.4s: ../../sandbox/linux-3.2.59/drivers/gpu/drm/nouveau/nouveau_gem.c
--
EXN:Common.Timeout
Note: processing took   131.4s: ../../sandbox/linux-3.2.59/drivers/gpu/drm/radeon/radeon_test.c
--
EXN:Common.Timeout
Note: processing took   128.8s: ../../sandbox/linux-3.2.59/drivers/usb/storage/ene_ub6250.c
--
EXN:Common.Timeout
Note: processing took   130.2s: ../../sandbox/linux-3.2.59/drivers/usb/storage/shuttle_usbat.c
--
EXN:Common.Timeout
Note: processing took   132.2s: ../../sandbox/linux-3.2.59/drivers/usb/serial/mos7840.c
--
EXN:Common.Timeout
Note: processing took   130.6s: ../../sandbox/linux-3.2.59/drivers/usb/gadget/ci13xxx_udc.c
--
EXN:Common.Timeout
Note: processing took   131.5s: ../../sandbox/linux-3.2.59/drivers/usb/core/hub.c
--
EXN:Common.Timeout
Note: processing took   129.9s: ../../sandbox/linux-3.2.59/drivers/char/ipmi/ipmi_si_intf.c
--
EXN:Common.Timeout
Note: processing took   129.3s: ../../sandbox/linux-3.2.59/drivers/s390/crypto/ap_bus.c
--
EXN:Common.Timeout
Note: processing took   131.5s: ../../sandbox/linux-3.2.59/drivers/net/wireless/brcm80211/brcmsmac/phy/phy_n.c
--
EXN:Common.Timeout
Note: processing took   129.4s: ../../sandbox/linux-3.2.59/drivers/net/wireless/brcm80211/brcmfmac/dhd_sdio.c
--
EXN:Common.Timeout
Note: processing took   131.0s: ../../sandbox/linux-3.2.59/drivers/net/wireless/ath/ath6kl/htc.c
--
EXN:Common.Timeout
Note: processing took   154.5s: ../../sandbox/linux-3.2.59/drivers/net/ethernet/neterion/s2io.c
--
EXN:Common.Timeout
Note: processing took   147.8s: ../../sandbox/linux-3.2.59/drivers/net/ethernet/broadcom/tg3.c
--
EXN:Common.Timeout
Note: processing took   152.7s: ../../sandbox/linux-3.2.59/drivers/net/ethernet/smsc/smsc911x.c
--
EXN:Common.Timeout
Note: processing took   131.4s: ../../sandbox/linux-3.2.59/drivers/net/ethernet/qlogic/qlcnic/qlcnic_main.c
--
EXN:Common.Timeout
Note: processing took   132.0s: ../../sandbox/linux-3.2.59/drivers/net/ethernet/qlogic/qlcnic/qlcnic_init.c
--
EXN:Common.Timeout
Note: processing took   132.7s: ../../sandbox/linux-3.2.59/drivers/net/ethernet/qlogic/netxen/netxen_nic_init.c
--
EXN:Common.Timeout
Note: processing took   141.1s: ../../sandbox/linux-3.2.59/drivers/mtd/nand/nand_bbt.c
--
EXN:Common.Timeout
Note: processing took   130.9s: ../../sandbox/linux-3.2.59/drivers/mtd/maps/pmcmsp-flash.c
--
EXN:Common.Timeout
Note: processing took   131.2s: ../../sandbox/linux-3.2.59/drivers/mtd/nftlmount.c
--
EXN:Common.Timeout
Note: processing took   131.9s: ../../sandbox/linux-3.2.59/drivers/mtd/inftlmount.c
--
EXN:Common.Timeout
Note: processing took   131.8s: ../../sandbox/linux-3.2.59/drivers/mtd/ubi/vtbl.c
--
EXN:Common.Timeout
Note: processing took   133.9s: ../../sandbox/linux-3.2.59/drivers/mtd/sm_ftl.c
--
EXN:Common.Timeout
Note: processing took   131.9s: ../../sandbox/linux-3.2.59/drivers/xen/xen-pciback/xenbus.c
--
EXN:Common.Timeout
Note: processing took   130.2s: ../../sandbox/linux-3.2.59/drivers/media/video/sn9c102/sn9c102_core.c
--
EXN:Common.Timeout
Note: processing took   132.6s: ../../sandbox/linux-3.2.59/drivers/media/video/cpia2/cpia2_usb.c
--
EXN:Common.Timeout
Note: processing took   131.9s: ../../sandbox/linux-3.2.59/drivers/media/dvb/ngene/ngene-core.c
--
EXN:Common.Timeout
Note: processing took   130.7s: ../../sandbox/linux-3.2.59/drivers/media/dvb/dvb-usb/af9015.c
--
EXN:Common.Timeout
Note: processing took   130.5s: ../../sandbox/linux-3.2.59/drivers/media/dvb/frontends/mb86a16.c
--
EXN:Common.Timeout
Note: processing took   131.0s: ../../sandbox/linux-3.2.59/drivers/md/raid1.c
--
EXN:Common.Timeout
Note: processing took   129.6s: ../../sandbox/linux-3.2.59/drivers/md/dm-raid.c
--
EXN:Common.Timeout
Note: processing took   131.5s: ../../sandbox/linux-3.2.59/drivers/md/raid10.c
--
EXN:Common.Timeout
Note: processing took   129.3s: ../../sandbox/linux-3.2.59/drivers/message/fusion/mptsas.c
--
EXN:Common.Timeout
Note: processing took   131.1s: ../../sandbox/linux-3.2.59/drivers/acpi/acpica/nspredef.c
--
EXN:Common.Timeout
Note: processing took   130.4s: ../../sandbox/linux-3.2.59/drivers/acpi/processor_idle.c
--
EXN:Common.Timeout
Note: processing took   132.9s: ../../sandbox/linux-3.2.59/drivers/acpi/video.c
--
EXN:Common.Timeout
Note: processing took   130.9s: ../../sandbox/linux-3.2.59/drivers/pci/hotplug/cpqphp_pci.c
--
EXN:Common.Timeout
Note: processing took   131.5s: ../../sandbox/linux-3.2.59/drivers/pci/hotplug/ibmphp_ebda.c
--
EXN:Common.Timeout
Note: processing took   132.1s: ../../sandbox/linux-3.2.59/drivers/pci/hotplug/ibmphp_res.c
--
EXN:Common.Timeout
Note: processing took   131.5s: ../../sandbox/linux-3.2.59/drivers/pci/hotplug/ibmphp_pci.c
--
EXN:Common.Timeout
Note: processing took   127.6s: ../../sandbox/linux-3.2.59/drivers/hwmon/i5k_amb.c
