/scsi/scsi_scanc.
	for (i = 0; i < sizeof(lun); i += 2)

/scsi/sym53c8xx_2/sym_nvram.c
	for (x = 0, csum = 0; x < len - 1; x += 2)
	for (x = 0, csum = 0; x < len - 1; x += 2)
		csum += data[x] + (data[x+1] << 8);

/staging/rtl8192u/r819xU_cmdpkt.c
	for (i = 0; i <40; i+=4)\

/net/arcnet/arcnet.c
	for (i = lp->next_buf; i != lp->first_free_buf; i = (i+1) % 5)

/xen/xenbus/xenbus_xs.c
	for (p = strings, num = 0; p < strings + len; p += strlen(p) + 1)

/scsi/aic7xxx/aic79xx_pci.c
	for (i = 0; i < 64; i += 2)


dasd_diag ne pas oublier voir si y a plus

pour exemple:
---------------------------------------------------
/video/omap2/vrfb.c
	for (i = ffs(map); i; i = ffs(map)) {

/infiniband/core/multicast.c
	for (node = rb_first(&port->table); node; node = rb_next(node)) {

/misc/lkdtm.c
	for (;;)
			cpu_relax();